\o Program:		@(#)$CDS: libManager version 6.1.7 - CAT35 03/14/2018 00:53 (sjfhw314) $
\o Sub version:		sub-version  s191 
\o Arguments:		-mpssession virtuoso7208 -mpshost cad19 
\o Working Directory:	cad19:/home/ece_14/Desktop/01JST18EC001
\o 64-bit offsets
\o Qt version: 		4.8.5
\o Log file is "/home/ece_14/Desktop/01JST18EC001/libManager.log".
\o Opening libManager window.
\a nrSetCurrentWindow(cdsLibManager)
\a nrResizeWindow(cdsLibManager list(0 25 1596 820))
\o changeWorkingDir("/home/ece_14/Desktop/01JST18EC001") unnecessary.
\o ddSetForcedLib("") unnecessary.
\o MPS service: map window
\o Library Manager customization server connected.
\w Warning: The directory: '/home/ece_14/Desktop/01jst18ec016/digital01jst18ec16' does not exist
\w 	but was defined in libFile '/home/ece_14/cds.lib' for Lib 'digital01jst18ec16'.
\w Warning: The directory: '/home/ece_14/Desktop/01jst18ec016/digital01jst18ec016' does not exist
\w 	but was defined in libFile '/home/ece_14/cds.lib' for Lib 'digital01jst18ec016'.
\w Warning: The directory: '/home/ece_14/Desktop/01jst18ec016/digital_EC016' does not exist
\w 	but was defined in libFile '/home/ece_14/cds.lib' for Lib 'digital_EC016'.
\a cdsLibManager->libListBox->value = "Digital_1234"
\a cdsLibManager->libLineEdit->value = "Digital_1234"
\a cdsLibManager->cellListBox->value = "Inverter"
\a cdsLibManager->cellLineEdit->value = "Inverter"
\a nrListItemAction(cdsLibManager->libListBox "Digital_1234" 0)
\a cdsLibManager->viewListBox->value = "av_extracted"
\a cdsLibManager->viewLineEdit->value = "av_extracted"
\a nrSetCurrentWindow(cdsLibManager)
\a nrSetCurrentWindow(cdsLibManager)
\a nrSetCurrentWindow(cdsLibManager)
\a cdsLibManager->viewListBox->value = nil
\a cdsLibManager->viewLineEdit->value = ""
\a cdsLibManager->viewListBox->value = "av_extracted"
\a cdsLibManager->viewLineEdit->value = "av_extracted"
\o MPS request: edit design
\a nrListItemAction(cdsLibManager->gdmXTView 0 0)
\a nrSetCurrentWindow(cdsLibManager)
\a nrSetCurrentWindow(cdsLibManager)
\a nrSetCurrentWindow(cdsLibManager)
\a nrSetCurrentWindow(cdsLibManager)
\a nrSetCurrentWindow(cdsLibManager)
\a nrSetCurrentWindow(cdsLibManager)
\a nrSetCurrentWindow(cdsLibManager)
\a cdsLibManager->libListBox->value = nil
\a cdsLibManager->libLineEdit->value = ""
\a cdsLibManager->cellListBox->value = nil
\a cdsLibManager->viewLineEdit->value = ""
\a cdsLibManager->viewListBox->value = nil
\a cdsLibManager->cellLineEdit->value = ""
\w Warning: The directory: '/home/ece_14/Desktop/01jst18ec016/digital01jst18ec16' does not exist
\w 	but was defined in libFile '/home/ece_14/cds.lib' for Lib 'digital01jst18ec16'.
\w Warning: The directory: '/home/ece_14/Desktop/01jst18ec016/digital01jst18ec016' does not exist
\w 	but was defined in libFile '/home/ece_14/cds.lib' for Lib 'digital01jst18ec016'.
\w Warning: The directory: '/home/ece_14/Desktop/01jst18ec016/digital_EC016' does not exist
\w 	but was defined in libFile '/home/ece_14/cds.lib' for Lib 'digital_EC016'.
\a cdsLibManager->libListBox->value = "Digital_1234"
\a cdsLibManager->libLineEdit->value = "Digital_1234"
\a cdsLibManager->cellListBox->value = "Inverter"
\a cdsLibManager->cellLineEdit->value = "Inverter"
\a cdsLibManager->viewListBox->value = "av_extracted"
\a cdsLibManager->viewLineEdit->value = "av_extracted"
\a cdsLibManager->cellLineEdit->value = ""
\a cdsLibManager->cellListBox->value = nil
\a cdsLibManager->viewLineEdit->value = ""
\a cdsLibManager->viewListBox->value = nil
\a cdsLibManager->cellListBox->value = "Inverter"
\a cdsLibManager->cellLineEdit->value = "Inverter"
\a cdsLibManager->viewListBox->value = "av_extracted"
\a cdsLibManager->viewLineEdit->value = "av_extracted"
\a cdsLibManager->viewLineEdit->value = ""
\a cdsLibManager->viewListBox->value = nil
\a cdsLibManager->viewListBox->value = "av_extracted"
\a cdsLibManager->viewLineEdit->value = "av_extracted"
\a cdsLibManager->viewLineEdit->value = ""
\a cdsLibManager->viewListBox->value = nil
\a cdsLibManager->viewListBox->value = "av_extracted"
\a cdsLibManager->viewLineEdit->value = "av_extracted"
\a cdsLibManager->libListBox->value = nil
\a cdsLibManager->libLineEdit->value = ""
\a cdsLibManager->cellListBox->value = nil
\a cdsLibManager->viewLineEdit->value = ""
\a cdsLibManager->viewListBox->value = nil
\a cdsLibManager->cellLineEdit->value = ""
\w Warning: The directory: '/home/ece_14/Desktop/01jst18ec016/digital01jst18ec16' does not exist
\w 	but was defined in libFile '/home/ece_14/cds.lib' for Lib 'digital01jst18ec16'.
\w Warning: The directory: '/home/ece_14/Desktop/01jst18ec016/digital01jst18ec016' does not exist
\w 	but was defined in libFile '/home/ece_14/cds.lib' for Lib 'digital01jst18ec016'.
\w Warning: The directory: '/home/ece_14/Desktop/01jst18ec016/digital_EC016' does not exist
\w 	but was defined in libFile '/home/ece_14/cds.lib' for Lib 'digital_EC016'.
\a cdsLibManager->libListBox->value = "Digital_1234"
\a cdsLibManager->libLineEdit->value = "Digital_1234"
\a cdsLibManager->cellListBox->value = "Inverter"
\a cdsLibManager->cellLineEdit->value = "Inverter"
\a cdsLibManager->viewListBox->value = "av_extracted"
\a cdsLibManager->viewLineEdit->value = "av_extracted"
\a cdsLibManager->cellLineEdit->value = ""
\a cdsLibManager->cellListBox->value = nil
\a cdsLibManager->viewLineEdit->value = ""
\a cdsLibManager->viewListBox->value = nil
\a cdsLibManager->cellListBox->value = "Inverter"
\a cdsLibManager->cellLineEdit->value = "Inverter"
\a cdsLibManager->viewListBox->value = "av_extracted"
\a cdsLibManager->viewLineEdit->value = "av_extracted"
\a cdsLibManager->viewLineEdit->value = ""
\a cdsLibManager->viewListBox->value = nil
\a cdsLibManager->viewListBox->value = "av_extracted"
\a cdsLibManager->viewLineEdit->value = "av_extracted"
\a cdsLibManager->viewLineEdit->value = ""
\a cdsLibManager->viewListBox->value = nil
\a cdsLibManager->viewListBox->value = "av_extracted"
\a cdsLibManager->viewLineEdit->value = "av_extracted"
\a nrSetCurrentWindow(cdsLibManager)
\o MPS service: map window
\a nrSetCurrentWindow(cdsLibManager)
\a cdsLibManager->cellLineEdit->value = ""
\a cdsLibManager->cellListBox->value = nil
\a cdsLibManager->viewLineEdit->value = ""
\a cdsLibManager->viewListBox->value = nil
\a cdsLibManager->libLineEdit->value = ""
\a cdsLibManager->libListBox->value = nil
\a cdsLibManager->libListBox->value = "Digital_1234"
\a cdsLibManager->libLineEdit->value = "Digital_1234"
\a cdsLibManager->libLineEdit->value = ""
\a cdsLibManager->libListBox->value = nil
\a cdsLibManager->libListBox->value = "Digital_1234"
\a cdsLibManager->libLineEdit->value = "Digital_1234"
\a lmgrLogShowPopup("mainListPopup0" 73 8 2 "Digital_1234")
\a cdsLibManager->editRenameButton->value = t
\a basicRenameForm->basicRenameFromEdit->value = "Digital_1234"
\a nrSetWindowVisibility(basicRenameForm "show")
\a basicRenameForm->basicRenameToEdit->value = "Digital_1234"
\a nrSetCurrentWindow(basicRenameForm)
\a nrResizeWindow(basicRenameForm list(627 263 343 182))
\a basicRenameForm->basicRenameToEdit->value = "Digital"
\a basicRenameForm->OK->value = t
\o Checking rename library for access locks.
\o View file /home/ece_14/Desktop/01jst18ec016/Digital_1234/Inverter/layout/layout.oa is locked by ece_14 at host cad19
\o View file /home/ece_14/Desktop/01jst18ec016/Digital_1234/Inverter/physConfig/physExpand.cfg is locked by ece_14 at host cad19
\o View file /home/ece_14/Desktop/01jst18ec016/Digital_1234/Inverter/av_extracted/layout.oa is locked by ece_14 at host cad19
\o View file /home/ece_14/Desktop/01jst18ec016/Digital_1234/Inverter/schematic/sch.oa is locked by ece_14 at host cad19
\o View file /home/ece_14/Desktop/01jst18ec016/Digital_1234/NAND/layout/layout.oa is locked by ece_14 at host cad19
\o View file /home/ece_14/Desktop/01jst18ec016/Digital_1234/NAND/physConfig/physExpand.cfg is locked by ece_14 at host cad19
\o View file /home/ece_14/Desktop/01jst18ec016/Digital_1234/NAND/schematic/sch.oa is locked by ece_14 at host cad19
\o ERROR (CLM-221): Library Digital_1234 has files that are locked or are checked out.\nCheck the "Messages" window for a list of which files are causing problem\nRename failed.
\a nrSetWindowVisibility(errorDialog "show")
\a nrSetCurrentWindow(cdsLibManager)
\a nrSetCurrentWindow(errorDialog)
\a nrResizeWindow(errorDialog list(573 279 450 134))
\a errorDialog->errorOkButton->value = t
\a nrSetCurrentWindow(cdsLibManager)
\a cdsLibManager->libLineEdit->value = ""
\a cdsLibManager->libListBox->value = nil
\a cdsLibManager->libListBox->value = "Digital_1234"
\a cdsLibManager->libLineEdit->value = "Digital_1234"
\a lmgrLogShowPopup("mainListPopup0" 66 6 2 "Digital_1234")
\a cdsLibManager->libLineEdit->value = ""
\a cdsLibManager->libListBox->value = nil
\a cdsLibManager->libListBox->value = "Digital_1234"
\a cdsLibManager->libLineEdit->value = "Digital_1234"
\a lmgrLogShowPopup("mainListPopup0" 42 6 2 "Digital_1234")
\a cdsLibManager->editRenameButton->value = t
\a nrSetWindowVisibility(basicRenameForm "show")
\a basicRenameForm->basicRenameToEdit->value = "Digital_1234"
\a nrSetCurrentWindow(basicRenameForm)
\a nrResizeWindow(basicRenameForm list(627 263 343 182))
\a basicRenameForm->basicRenameToEdit->value = "Digital_051"
\a basicRenameForm->OK->value = t
\o Checking rename library for access locks.
\o View file /home/ece_14/Desktop/01jst18ec016/Digital_1234/Inverter/layout/layout.oa is locked by ece_14 at host cad19
\o View file /home/ece_14/Desktop/01jst18ec016/Digital_1234/Inverter/physConfig/physExpand.cfg is locked by ece_14 at host cad19
\o View file /home/ece_14/Desktop/01jst18ec016/Digital_1234/Inverter/av_extracted/layout.oa is locked by ece_14 at host cad19
\o View file /home/ece_14/Desktop/01jst18ec016/Digital_1234/Inverter/schematic/sch.oa is locked by ece_14 at host cad19
\o View file /home/ece_14/Desktop/01jst18ec016/Digital_1234/NAND/layout/layout.oa is locked by ece_14 at host cad19
\o View file /home/ece_14/Desktop/01jst18ec016/Digital_1234/NAND/physConfig/physExpand.cfg is locked by ece_14 at host cad19
\o View file /home/ece_14/Desktop/01jst18ec016/Digital_1234/NAND/schematic/sch.oa is locked by ece_14 at host cad19
\o ERROR (CLM-221): Library Digital_1234 has files that are locked or are checked out.\nCheck the "Messages" window for a list of which files are causing problem\nRename failed.
\a nrSetWindowVisibility(errorDialog "show")
\a nrSetCurrentWindow(cdsLibManager)
\a nrSetCurrentWindow(errorDialog)
\a nrResizeWindow(errorDialog list(573 279 450 134))
\a errorDialog->errorOkButton->value = t
\a nrSetCurrentWindow(cdsLibManager)
\a _lmgrCloseIconify("cdsLibManager" 1)
\a nrSetCurrentWindow(cdsLibManager)
\a nrSetCurrentWindow(cdsLibManager)
\o MPS service: shutdown
\o libManager is exiting.
\a nrSetWindowVisibility(cdsLibManager "hide")
\a exit(0)
\a basicRenameForm->basicRenameFromEdit->value = "foo"
