================================================================================
Rule No. 101 : NWELLterm_StampErrorFloat

Real Error Count : 1; Flat Error Count : 1
================================================================================

--------------------------------------------------------------------------------
Cell Name : NAND layout Digital_1234

                   Cell Errors    Real Errors   Cell Placements     Environments
                             1              1                 1                1
--------------------------------------------------------------------------------
Env.  Env. Placements            X1           Y1          X2           Y2

  1        1                  0.450        6.310       2.830        9.310

Shape               Environments Status & Error Marker 

          1           X1         Y1         X2         Y2

   1      X        0.450      6.310      2.830      9.310

================================================================================
Rule No. 151 : 3B: Nimp to Nimp spacing must be >= 0.4 um

Real Error Count : 7; Flat Error Count : 7
================================================================================

--------------------------------------------------------------------------------
Cell Name : NAND layout Digital_1234

                   Cell Errors    Real Errors   Cell Placements     Environments
                             7              7                 1                1
--------------------------------------------------------------------------------
Env.  Env. Placements            X1           Y1          X2           Y2

  1        1                  4.025        3.040       5.805        3.410

Shape               Environments Status & Error Marker 

          1           X1         Y1         X2         Y2

   1      X        4.025      3.040      4.705      3.410
   2      X        4.389      3.040      5.021      3.285
   3      X        4.389      3.165      5.021      3.410
   4      X        4.705      3.165      5.125      3.285
   5      X        4.809      3.040      5.441      3.285
   6      X        4.809      3.165      5.441      3.410
   7      X        5.125      3.040      5.805      3.410

================================================================================
Rule No. 159 : 5B: Poly to Poly spacing must be >= 0.3 um

Real Error Count : 2; Flat Error Count : 2
================================================================================

--------------------------------------------------------------------------------
Cell Name : NAND layout Digital_1234

                   Cell Errors    Real Errors   Cell Placements     Environments
                             2              2                 1                1
--------------------------------------------------------------------------------
Env.  Env. Placements            X1           Y1          X2           Y2

  1        1                  4.694        3.130       5.125        3.405

Shape               Environments Status & Error Marker 

          1           X1         Y1         X2         Y2

   1      X        4.694      3.135      5.005      3.405
   2      X        4.885      3.130      5.125      3.405

================================================================================
Rule No. 162 : 5E: Oxide to Poly spacing must be >= 0.2 um

Real Error Count : 2; Flat Error Count : 2
================================================================================

--------------------------------------------------------------------------------
Cell Name : NAND layout Digital_1234

                   Cell Errors    Real Errors   Cell Placements     Environments
                             2              2                 1                1
--------------------------------------------------------------------------------
Env.  Env. Placements            X1           Y1          X2           Y2

  1        1                  4.062        2.840       5.772        2.955

Shape               Environments Status & Error Marker 

          1           X1         Y1         X2         Y2

   1      X        4.062      2.840      4.989      2.955
   2      X        4.838      2.840      5.772      2.950

================================================================================
Rule No. 178 : 7B: Metal1 to Metal1 spacing must be >= 0.3 um

Real Error Count : 2; Flat Error Count : 2
================================================================================

--------------------------------------------------------------------------------
Cell Name : NAND layout Digital_1234

                   Cell Errors    Real Errors   Cell Placements     Environments
                             2              2                 1                1
--------------------------------------------------------------------------------
Env.  Env. Placements            X1           Y1          X2           Y2

  1        1                  4.974        3.440       8.089        6.910

Shape               Environments Status & Error Marker 

          1           X1         Y1         X2         Y2

   1      X        4.974      3.440      5.505      3.710
   2      X        7.502      6.625      8.089      6.910

================================================================================
Rule No. 243 : 13A1: P+SD to NW tap spacing must be <= 10.0 um

Real Error Count : 2; Flat Error Count : 2
================================================================================

--------------------------------------------------------------------------------
Cell Name : NAND layout Digital_1234

                   Cell Errors    Real Errors   Cell Placements     Environments
                             2              2                 1                1
--------------------------------------------------------------------------------
Env.  Env. Placements            X1           Y1          X2           Y2

  1        1                  0.950        6.810       2.330        8.810

Shape               Environments Status & Error Marker 

          1           X1         Y1         X2         Y2

   1      X        0.950      6.810      1.550      8.810
   2      X        1.730      6.810      2.330      8.810

